<?xml version="1.0" encoding="UTF-8"?>
<testsuite name="com.example.JPAApplication.JpaApplicationTests" tests="1" skipped="0" failures="0" errors="0" timestamp="2020-03-14T05:08:46" hostname="prajjwal" time="0.11">
  <properties/>
  <testcase name="displayNameEnd()" classname="com.example.JPAApplication.JpaApplicationTests" time="0.11"/>
  <system-out><![CDATA[10:38:44.212 [Test worker] DEBUG org.springframework.test.context.BootstrapUtils - Instantiating CacheAwareContextLoaderDelegate from class [org.springframework.test.context.cache.DefaultCacheAwareContextLoaderDelegate]
10:38:44.221 [Test worker] DEBUG org.springframework.test.context.BootstrapUtils - Instantiating BootstrapContext using constructor [public org.springframework.test.context.support.DefaultBootstrapContext(java.lang.Class,org.springframework.test.context.CacheAwareContextLoaderDelegate)]
10:38:44.239 [Test worker] DEBUG org.springframework.test.context.BootstrapUtils - Instantiating TestContextBootstrapper for test class [com.example.JPAApplication.JpaApplicationTests] from class [org.springframework.boot.test.context.SpringBootTestContextBootstrapper]
10:38:44.248 [Test worker] INFO org.springframework.boot.test.context.SpringBootTestContextBootstrapper - Neither @ContextConfiguration nor @ContextHierarchy found for test class [com.example.JPAApplication.JpaApplicationTests], using SpringBootContextLoader
10:38:44.250 [Test worker] DEBUG org.springframework.test.context.support.AbstractContextLoader - Did not detect default resource location for test class [com.example.JPAApplication.JpaApplicationTests]: class path resource [com/example/JPAApplication/JpaApplicationTests-context.xml] does not exist
10:38:44.251 [Test worker] DEBUG org.springframework.test.context.support.AbstractContextLoader - Did not detect default resource location for test class [com.example.JPAApplication.JpaApplicationTests]: class path resource [com/example/JPAApplication/JpaApplicationTestsContext.groovy] does not exist
10:38:44.251 [Test worker] INFO org.springframework.test.context.support.AbstractContextLoader - Could not detect default resource locations for test class [com.example.JPAApplication.JpaApplicationTests]: no resource found for suffixes {-context.xml, Context.groovy}.
10:38:44.251 [Test worker] INFO org.springframework.test.context.support.AnnotationConfigContextLoaderUtils - Could not detect default configuration classes for test class [com.example.JPAApplication.JpaApplicationTests]: JpaApplicationTests does not declare any static, non-private, non-final, nested classes annotated with @Configuration.
10:38:44.279 [Test worker] DEBUG org.springframework.test.context.support.ActiveProfilesUtils - Could not find an 'annotation declaring class' for annotation type [org.springframework.test.context.ActiveProfiles] and class [com.example.JPAApplication.JpaApplicationTests]
10:38:44.321 [Test worker] DEBUG org.springframework.context.annotation.ClassPathScanningCandidateComponentProvider - Identified candidate component class: file [/home/prajjwal/Desktop/jpaEmp/JPA-Application/build/classes/java/main/com/example/JPAApplication/JpaApplication.class]
10:38:44.322 [Test worker] INFO org.springframework.boot.test.context.SpringBootTestContextBootstrapper - Found @SpringBootConfiguration com.example.JPAApplication.JpaApplication for test class com.example.JPAApplication.JpaApplicationTests
10:38:44.382 [Test worker] DEBUG org.springframework.boot.test.context.SpringBootTestContextBootstrapper - @TestExecutionListeners is not present for class [com.example.JPAApplication.JpaApplicationTests]: using defaults.
10:38:44.383 [Test worker] INFO org.springframework.boot.test.context.SpringBootTestContextBootstrapper - Loaded default TestExecutionListener class names from location [META-INF/spring.factories]: [org.springframework.boot.test.autoconfigure.restdocs.RestDocsTestExecutionListener, org.springframework.boot.test.autoconfigure.web.client.MockRestServiceServerResetTestExecutionListener, org.springframework.boot.test.autoconfigure.web.servlet.MockMvcPrintOnlyOnFailureTestExecutionListener, org.springframework.boot.test.autoconfigure.web.servlet.WebDriverTestExecutionListener, org.springframework.boot.test.mock.mockito.MockitoTestExecutionListener, org.springframework.boot.test.mock.mockito.ResetMocksTestExecutionListener, org.springframework.test.context.web.ServletTestExecutionListener, org.springframework.test.context.support.DirtiesContextBeforeModesTestExecutionListener, org.springframework.test.context.support.DependencyInjectionTestExecutionListener, org.springframework.test.context.support.DirtiesContextTestExecutionListener, org.springframework.test.context.transaction.TransactionalTestExecutionListener, org.springframework.test.context.jdbc.SqlScriptsTestExecutionListener, org.springframework.test.context.event.EventPublishingTestExecutionListener]
10:38:44.388 [Test worker] DEBUG org.springframework.boot.test.context.SpringBootTestContextBootstrapper - Skipping candidate TestExecutionListener [org.springframework.test.context.web.ServletTestExecutionListener] due to a missing dependency. Specify custom listener classes or make the default listener classes and their required dependencies available. Offending class: [javax/servlet/ServletContext]
10:38:44.392 [Test worker] INFO org.springframework.boot.test.context.SpringBootTestContextBootstrapper - Using TestExecutionListeners: [org.springframework.test.context.support.DirtiesContextBeforeModesTestExecutionListener@3cc7856, org.springframework.boot.test.mock.mockito.MockitoTestExecutionListener@6c73496d, org.springframework.boot.test.autoconfigure.SpringBootDependencyInjectionTestExecutionListener@26430d1, org.springframework.test.context.support.DirtiesContextTestExecutionListener@44c146, org.springframework.test.context.transaction.TransactionalTestExecutionListener@602a07d0, org.springframework.test.context.jdbc.SqlScriptsTestExecutionListener@16e41299, org.springframework.test.context.event.EventPublishingTestExecutionListener@35255a2c, org.springframework.boot.test.autoconfigure.restdocs.RestDocsTestExecutionListener@134df33f, org.springframework.boot.test.autoconfigure.web.client.MockRestServiceServerResetTestExecutionListener@23697201, org.springframework.boot.test.autoconfigure.web.servlet.MockMvcPrintOnlyOnFailureTestExecutionListener@15afcc2f, org.springframework.boot.test.autoconfigure.web.servlet.WebDriverTestExecutionListener@ac4008c, org.springframework.boot.test.mock.mockito.ResetMocksTestExecutionListener@76eccee0]
10:38:44.395 [Test worker] DEBUG org.springframework.test.context.support.AbstractDirtiesContextTestExecutionListener - Before test class: context [DefaultTestContext@19568682 testClass = JpaApplicationTests, testInstance = [null], testMethod = [null], testException = [null], mergedContextConfiguration = [MergedContextConfiguration@4419ab10 testClass = JpaApplicationTests, locations = '{}', classes = '{class com.example.JPAApplication.JpaApplication}', contextInitializerClasses = '[]', activeProfiles = '{}', propertySourceLocations = '{}', propertySourceProperties = '{org.springframework.boot.test.context.SpringBootTestContextBootstrapper=true}', contextCustomizers = set[org.springframework.boot.test.autoconfigure.properties.PropertyMappingContextCustomizer@0, org.springframework.boot.test.autoconfigure.web.servlet.WebDriverContextCustomizerFactory$Customizer@267ea875, org.springframework.boot.test.context.filter.ExcludeFilterContextCustomizer@b454486, org.springframework.boot.test.json.DuplicateJsonObjectContextCustomizerFactory$DuplicateJsonObjectContextCustomizer@4ad0b380, org.springframework.boot.test.mock.mockito.MockitoContextCustomizer@0, org.springframework.boot.test.web.client.TestRestTemplateContextCustomizer@22cf24c8], contextLoader = 'org.springframework.boot.test.context.SpringBootContextLoader', parent = [null]], attributes = map[[empty]]], class annotated with @DirtiesContext [false] with mode [null].
10:38:44.401 [Test worker] DEBUG org.springframework.test.context.support.DependencyInjectionTestExecutionListener - Performing dependency injection for test context [[DefaultTestContext@19568682 testClass = JpaApplicationTests, testInstance = com.example.JPAApplication.JpaApplicationTests@1816c094, testMethod = [null], testException = [null], mergedContextConfiguration = [MergedContextConfiguration@4419ab10 testClass = JpaApplicationTests, locations = '{}', classes = '{class com.example.JPAApplication.JpaApplication}', contextInitializerClasses = '[]', activeProfiles = '{}', propertySourceLocations = '{}', propertySourceProperties = '{org.springframework.boot.test.context.SpringBootTestContextBootstrapper=true}', contextCustomizers = set[org.springframework.boot.test.autoconfigure.properties.PropertyMappingContextCustomizer@0, org.springframework.boot.test.autoconfigure.web.servlet.WebDriverContextCustomizerFactory$Customizer@267ea875, org.springframework.boot.test.context.filter.ExcludeFilterContextCustomizer@b454486, org.springframework.boot.test.json.DuplicateJsonObjectContextCustomizerFactory$DuplicateJsonObjectContextCustomizer@4ad0b380, org.springframework.boot.test.mock.mockito.MockitoContextCustomizer@0, org.springframework.boot.test.web.client.TestRestTemplateContextCustomizer@22cf24c8], contextLoader = 'org.springframework.boot.test.context.SpringBootContextLoader', parent = [null]], attributes = map[[empty]]]].
10:38:44.415 [Test worker] DEBUG org.springframework.test.context.support.TestPropertySourceUtils - Adding inlined properties to environment: {spring.jmx.enabled=false, org.springframework.boot.test.context.SpringBootTestContextBootstrapper=true, server.port=-1}

  .   ____          _            __ _ _
 /\\ / ___'_ __ _ _(_)_ __  __ _ \ \ \ \
( ( )\___ | '_ | '_| | '_ \/ _` | \ \ \ \
 \\/  ___)| |_)| | | | | || (_| |  ) ) ) )
  '  |____| .__|_| |_|_| |_\__, | / / / /
 =========|_|==============|___/=/_/_/_/
 :: Spring Boot ::        (v2.2.5.RELEASE)

2020-03-14 10:38:44.552  INFO 11455 --- [    Test worker] c.e.JPAApplication.JpaApplicationTests   : Starting JpaApplicationTests on prajjwal with PID 11455 (started by prajjwal in /home/prajjwal/Desktop/jpaEmp/JPA-Application)
2020-03-14 10:38:44.552  INFO 11455 --- [    Test worker] c.e.JPAApplication.JpaApplicationTests   : No active profile set, falling back to default profiles: default
2020-03-14 10:38:44.821  INFO 11455 --- [    Test worker] .s.d.r.c.RepositoryConfigurationDelegate : Bootstrapping Spring Data JPA repositories in DEFAULT mode.
2020-03-14 10:38:44.853  INFO 11455 --- [    Test worker] .s.d.r.c.RepositoryConfigurationDelegate : Finished Spring Data repository scanning in 27ms. Found 1 JPA repository interfaces.
2020-03-14 10:38:45.202  INFO 11455 --- [    Test worker] o.hibernate.jpa.internal.util.LogHelper  : HHH000204: Processing PersistenceUnitInfo [name: default]
2020-03-14 10:38:45.248  INFO 11455 --- [    Test worker] org.hibernate.Version                    : HHH000412: Hibernate ORM core version 5.4.12.Final
2020-03-14 10:38:45.347  INFO 11455 --- [    Test worker] o.hibernate.annotations.common.Version   : HCANN000001: Hibernate Commons Annotations {5.1.0.Final}
2020-03-14 10:38:45.415  INFO 11455 --- [    Test worker] com.zaxxer.hikari.HikariDataSource       : HikariPool-1 - Starting...
2020-03-14 10:38:45.717  INFO 11455 --- [    Test worker] com.zaxxer.hikari.HikariDataSource       : HikariPool-1 - Start completed.
2020-03-14 10:38:45.738  INFO 11455 --- [    Test worker] org.hibernate.dialect.Dialect            : HHH000400: Using dialect: org.hibernate.dialect.MySQL57Dialect
2020-03-14 10:38:46.185  INFO 11455 --- [    Test worker] o.h.e.t.j.p.i.JtaPlatformInitiator       : HHH000490: Using JtaPlatform implementation: [org.hibernate.engine.transaction.jta.platform.internal.NoJtaPlatform]
2020-03-14 10:38:46.189  INFO 11455 --- [    Test worker] j.LocalContainerEntityManagerFactoryBean : Initialized JPA EntityManagerFactory for persistence unit 'default'
2020-03-14 10:38:46.604  INFO 11455 --- [    Test worker] c.e.JPAApplication.JpaApplicationTests   : Started JpaApplicationTests in 2.187 seconds (JVM running for 2.898)
Hibernate: 
    select
        e.id,
        e.fname,
        e.age 
    from
        employee e 
    where
        e.lname='singh'
1
Vinod
24
]]></system-out>
  <system-err><![CDATA[]]></system-err>
</testsuite>
